# JRE version: OpenJDK Runtime Environment (21.0.10) (build 21.0.10+-14961533-b1163.108)
# Java VM: OpenJDK 64-Bit Server VM (21.0.10+-14961533-b1163.108, mixed mode, tiered, compressed oops, compressed class ptrs, g1 gc, windows-amd64)
GC Precious Log:
 CardTable entry size: 512
 Card Set container configuration: InlinePtr #cards 5 size 8 Array Of Cards #cards 12 size 40 Howl #buckets 4 coarsen threshold 1843 Howl Bitmap #cards 512 size 80 coarsen threshold 460 Card regions per heap region 1 cards per card region 2048
 CPUs: 8 total, 8 available
 Memory: 3902M
 Large Page Support: Disabled
 NUMA Support: Disabled
 Compressed Oops: Enabled (32-bit)
 Heap Region Size: 1M
 Heap Min Capacity: 8M
 Heap Initial Capacity: 62M
 Heap Max Capacity: 768M
 Pre-touch: Disabled
 Parallel Workers: 8
 Concurrent Workers: 2
 Concurrent Refinement Workers: 8
 Periodic GC: Disabled
Heap:
 garbage-first heap   total 86016K, used 62914K [0x00000000d0000000, 0x0000000100000000)
  region size 1024K, 13 young (13312K), 2 survivors (2048K)
 Metaspace       used 71313K, committed 72896K, reserved 491520K
  class space    used 9998K, committed 10752K, reserved 425984K
GC Heap History (20 events):
Event: 5.790 GC heap before
{Heap before GC invocations=14 (full 0):
 garbage-first heap   total 77824K, used 71632K [0x00000000d0000000, 0x0000000100000000)
  region size 1024K, 37 young (37888K), 4 survivors (4096K)
 Metaspace       used 51065K, committed 52352K, reserved 491520K
  class space    used 7038K, committed 7680K, reserved 425984K
}
Event: 5.795 GC heap after
{Heap after GC invocations=15 (full 0):
 garbage-first heap   total 79872K, used 35794K [0x00000000d0000000, 0x0000000100000000)
  region size 1024K, 4 young (4096K), 4 survivors (4096K)
 Metaspace       used 51065K, committed 52352K, reserved 491520K
  class space    used 7038K, committed 7680K, reserved 425984K
}
Event: 6.316 GC heap before
{Heap before GC invocations=15 (full 0):
 garbage-first heap   total 79872K, used 68562K [0x00000000d0000000, 0x0000000100000000)
  region size 1024K, 37 young (37888K), 4 survivors (4096K)
 Metaspace       used 54575K, committed 55936K, reserved 491520K
  class space    used 7616K, committed 8256K, reserved 425984K
}
Event: 6.321 GC heap after
{Heap after GC invocations=16 (full 0):
 garbage-first heap   total 79872K, used 39241K [0x00000000d0000000, 0x0000000100000000)
  region size 1024K, 4 young (4096K), 4 survivors (4096K)
 Metaspace       used 54575K, committed 55936K, reserved 491520K
  class space    used 7616K, committed 8256K, reserved 425984K
}
Event: 6.406 GC heap before
{Heap before GC invocations=16 (full 0):
 garbage-first heap   total 79872K, used 43337K [0x00000000d0000000, 0x0000000100000000)
  region size 1024K, 9 young (9216K), 4 survivors (4096K)
 Metaspace       used 54791K, committed 56128K, reserved 491520K
  class space    used 7643K, committed 8256K, reserved 425984K
}
Event: 6.408 GC heap after
{Heap after GC invocations=17 (full 0):
 garbage-first heap   total 79872K, used 40157K [0x00000000d0000000, 0x0000000100000000)
  region size 1024K, 1 young (1024K), 1 survivors (1024K)
 Metaspace       used 54791K, committed 56128K, reserved 491520K
  class space    used 7643K, committed 8256K, reserved 425984K
}
Event: 6.646 GC heap before
{Heap before GC invocations=18 (full 0):
 garbage-first heap   total 79872K, used 72925K [0x00000000d0000000, 0x0000000100000000)
  region size 1024K, 31 young (31744K), 1 survivors (1024K)
 Metaspace       used 55645K, committed 57024K, reserved 491520K
  class space    used 7788K, committed 8448K, reserved 425984K
}
Event: 6.648 GC heap after
{Heap after GC invocations=19 (full 0):
 garbage-first heap   total 79872K, used 43794K [0x00000000d0000000, 0x0000000100000000)
  region size 1024K, 3 young (3072K), 3 survivors (3072K)
 Metaspace       used 55645K, committed 57024K, reserved 491520K
  class space    used 7788K, committed 8448K, reserved 425984K
}
Event: 6.936 GC heap before
{Heap before GC invocations=19 (full 0):
 garbage-first heap   total 79872K, used 73490K [0x00000000d0000000, 0x0000000100000000)
  region size 1024K, 30 young (30720K), 3 survivors (3072K)
 Metaspace       used 59357K, committed 60800K, reserved 491520K
  class space    used 8222K, committed 8896K, reserved 425984K
}
Event: 6.941 GC heap after
{Heap after GC invocations=20 (full 0):
 garbage-first heap   total 79872K, used 44471K [0x00000000d0000000, 0x0000000100000000)
  region size 1024K, 3 young (3072K), 3 survivors (3072K)
 Metaspace       used 59357K, committed 60800K, reserved 491520K
  class space    used 8222K, committed 8896K, reserved 425984K
}
Event: 7.259 GC heap before
{Heap before GC invocations=20 (full 0):
 garbage-first heap   total 79872K, used 73143K [0x00000000d0000000, 0x0000000100000000)
  region size 1024K, 31 young (31744K), 3 survivors (3072K)
 Metaspace       used 63837K, committed 65280K, reserved 491520K
  class space    used 8874K, committed 9536K, reserved 425984K
}
Event: 7.262 GC heap after
{Heap after GC invocations=21 (full 0):
 garbage-first heap   total 79872K, used 45607K [0x00000000d0000000, 0x0000000100000000)
  region size 1024K, 3 young (3072K), 3 survivors (3072K)
 Metaspace       used 63837K, committed 65280K, reserved 491520K
  class space    used 8874K, committed 9536K, reserved 425984K
}
Event: 7.603 GC heap before
{Heap before GC invocations=22 (full 0):
 garbage-first heap   total 79872K, used 73255K [0x00000000d0000000, 0x0000000100000000)
  region size 1024K, 30 young (30720K), 3 survivors (3072K)
 Metaspace       used 67029K, committed 68608K, reserved 491520K
  class space    used 9410K, committed 10176K, reserved 425984K
}
Event: 7.607 GC heap after
{Heap after GC invocations=23 (full 0):
 garbage-first heap   total 79872K, used 46977K [0x00000000d0000000, 0x0000000100000000)
  region size 1024K, 4 young (4096K), 4 survivors (4096K)
 Metaspace       used 67029K, committed 68608K, reserved 491520K
  class space    used 9410K, committed 10176K, reserved 425984K
}
Event: 8.059 GC heap before
{Heap before GC invocations=23 (full 0):
 garbage-first heap   total 79872K, used 73601K [0x00000000d0000000, 0x0000000100000000)
  region size 1024K, 30 young (30720K), 4 survivors (4096K)
 Metaspace       used 70348K, committed 72000K, reserved 491520K
  class space    used 9956K, committed 10752K, reserved 425984K
}
Event: 8.065 GC heap after
{Heap after GC invocations=24 (full 0):
 garbage-first heap   total 80896K, used 48313K [0x00000000d0000000, 0x0000000100000000)
  region size 1024K, 3 young (3072K), 3 survivors (3072K)
 Metaspace       used 70348K, committed 72000K, reserved 491520K
  class space    used 9956K, committed 10752K, reserved 425984K
}
Event: 8.710 GC heap before
{Heap before GC invocations=24 (full 0):
 garbage-first heap   total 80896K, used 73913K [0x00000000d0000000, 0x0000000100000000)
  region size 1024K, 29 young (29696K), 3 survivors (3072K)
 Metaspace       used 71064K, committed 72640K, reserved 491520K
  class space    used 9998K, committed 10752K, reserved 425984K
}
Event: 8.715 GC heap after
{Heap after GC invocations=25 (full 0):
 garbage-first heap   total 80896K, used 51200K [0x00000000d0000000, 0x0000000100000000)
  region size 1024K, 4 young (4096K), 4 survivors (4096K)
 Metaspace       used 71064K, committed 72640K, reserved 491520K
  class space    used 9998K, committed 10752K, reserved 425984K
}
Event: 9.025 GC heap before
{Heap before GC invocations=26 (full 0):
 garbage-first heap   total 86016K, used 73728K [0x00000000d0000000, 0x0000000100000000)
  region size 1024K, 27 young (27648K), 4 survivors (4096K)
 Metaspace       used 71258K, committed 72896K, reserved 491520K
  class space    used 9998K, committed 10752K, reserved 425984K
}
Event: 9.030 GC heap after
{Heap after GC invocations=27 (full 0):
 garbage-first heap   total 86016K, used 52674K [0x00000000d0000000, 0x0000000100000000)
  region size 1024K, 2 young (2048K), 2 survivors (2048K)
 Metaspace       used 71258K, committed 72896K, reserved 491520K
  class space    used 9998K, committed 10752K, reserved 425984K
}

