# JRE version: OpenJDK Runtime Environment (21.0.10) (build 21.0.10+-14961533-b1163.108)
# Java VM: OpenJDK 64-Bit Server VM (21.0.10+-14961533-b1163.108, mixed mode, tiered, compressed oops, compressed class ptrs, g1 gc, windows-amd64)
GC Precious Log:
 CardTable entry size: 512
 Card Set container configuration: InlinePtr #cards 5 size 8 Array Of Cards #cards 12 size 40 Howl #buckets 4 coarsen threshold 1843 Howl Bitmap #cards 512 size 80 coarsen threshold 460 Card regions per heap region 1 cards per card region 2048
 CPUs: 8 total, 8 available
 Memory: 3902M
 Large Page Support: Disabled
 NUMA Support: Disabled
 Compressed Oops: Enabled (32-bit)
 Heap Region Size: 1M
 Heap Min Capacity: 8M
 Heap Initial Capacity: 62M
 Heap Max Capacity: 768M
 Pre-touch: Disabled
 Parallel Workers: 8
 Concurrent Workers: 2
 Concurrent Refinement Workers: 8
 Periodic GC: Disabled
Heap:
 garbage-first heap   total 82944K, used 53647K [0x00000000d0000000, 0x0000000100000000)
  region size 1024K, 21 young (21504K), 3 survivors (3072K)
 Metaspace       used 54550K, committed 55936K, reserved 491520K
  class space    used 7623K, committed 8256K, reserved 425984K
GC Heap History (20 events):
Event: 2.930 GC heap before
{Heap before GC invocations=3 (full 0):
 garbage-first heap   total 63488K, used 48669K [0x00000000d0000000, 0x0000000100000000)
  region size 1024K, 37 young (37888K), 1 survivors (1024K)
 Metaspace       used 12567K, committed 12736K, reserved 491520K
  class space    used 1358K, committed 1408K, reserved 425984K
}
Event: 2.931 GC heap after
{Heap after GC invocations=4 (full 0):
 garbage-first heap   total 63488K, used 12400K [0x00000000d0000000, 0x0000000100000000)
  region size 1024K, 2 young (2048K), 2 survivors (2048K)
 Metaspace       used 12567K, committed 12736K, reserved 491520K
  class space    used 1358K, committed 1408K, reserved 425984K
}
Event: 3.726 GC heap before
{Heap before GC invocations=4 (full 0):
 garbage-first heap   total 63488K, used 50288K [0x00000000d0000000, 0x0000000100000000)
  region size 1024K, 37 young (37888K), 2 survivors (2048K)
 Metaspace       used 16709K, committed 16960K, reserved 491520K
  class space    used 1909K, committed 2048K, reserved 425984K
}
Event: 3.732 GC heap after
{Heap after GC invocations=5 (full 0):
 garbage-first heap   total 63488K, used 18783K [0x00000000d0000000, 0x0000000100000000)
  region size 1024K, 5 young (5120K), 5 survivors (5120K)
 Metaspace       used 16709K, committed 16960K, reserved 491520K
  class space    used 1909K, committed 2048K, reserved 425984K
}
Event: 4.327 GC heap before
{Heap before GC invocations=5 (full 0):
 garbage-first heap   total 63488K, used 33119K [0x00000000d0000000, 0x0000000100000000)
  region size 1024K, 20 young (20480K), 5 survivors (5120K)
 Metaspace       used 21238K, committed 21504K, reserved 491520K
  class space    used 2498K, committed 2624K, reserved 425984K
}
Event: 4.332 GC heap after
{Heap after GC invocations=6 (full 0):
 garbage-first heap   total 63488K, used 20918K [0x00000000d0000000, 0x0000000100000000)
  region size 1024K, 2 young (2048K), 2 survivors (2048K)
 Metaspace       used 21238K, committed 21504K, reserved 491520K
  class space    used 2498K, committed 2624K, reserved 425984K
}
Event: 4.864 GC heap before
{Heap before GC invocations=7 (full 0):
 garbage-first heap   total 63488K, used 51638K [0x00000000d0000000, 0x0000000100000000)
  region size 1024K, 33 young (33792K), 2 survivors (2048K)
 Metaspace       used 27089K, committed 27584K, reserved 491520K
  class space    used 3423K, committed 3648K, reserved 425984K
}
Event: 4.868 GC heap after
{Heap after GC invocations=8 (full 0):
 garbage-first heap   total 63488K, used 22619K [0x00000000d0000000, 0x0000000100000000)
  region size 1024K, 4 young (4096K), 4 survivors (4096K)
 Metaspace       used 27089K, committed 27584K, reserved 491520K
  class space    used 3423K, committed 3648K, reserved 425984K
}
Event: 5.379 GC heap before
{Heap before GC invocations=8 (full 0):
 garbage-first heap   total 63488K, used 53339K [0x00000000d0000000, 0x0000000100000000)
  region size 1024K, 34 young (34816K), 4 survivors (4096K)
 Metaspace       used 31442K, committed 32128K, reserved 491520K
  class space    used 4201K, committed 4544K, reserved 425984K
}
Event: 5.384 GC heap after
{Heap after GC invocations=9 (full 0):
 garbage-first heap   total 63488K, used 24745K [0x00000000d0000000, 0x0000000100000000)
  region size 1024K, 4 young (4096K), 4 survivors (4096K)
 Metaspace       used 31442K, committed 32128K, reserved 491520K
  class space    used 4201K, committed 4544K, reserved 425984K
}
Event: 5.782 GC heap before
{Heap before GC invocations=9 (full 0):
 garbage-first heap   total 63488K, used 50345K [0x00000000d0000000, 0x0000000100000000)
  region size 1024K, 31 young (31744K), 4 survivors (4096K)
 Metaspace       used 35283K, committed 36096K, reserved 491520K
  class space    used 4866K, committed 5248K, reserved 425984K
}
Event: 5.787 GC heap after
{Heap after GC invocations=10 (full 0):
 garbage-first heap   total 63488K, used 26445K [0x00000000d0000000, 0x0000000100000000)
  region size 1024K, 4 young (4096K), 4 survivors (4096K)
 Metaspace       used 35283K, committed 36096K, reserved 491520K
  class space    used 4866K, committed 5248K, reserved 425984K
}
Event: 6.179 GC heap before
{Heap before GC invocations=11 (full 0):
 garbage-first heap   total 63488K, used 56141K [0x00000000d0000000, 0x0000000100000000)
  region size 1024K, 33 young (33792K), 4 survivors (4096K)
 Metaspace       used 38971K, committed 40000K, reserved 491520K
  class space    used 5526K, committed 6016K, reserved 425984K
}
Event: 6.184 GC heap after
{Heap after GC invocations=12 (full 0):
 garbage-first heap   total 63488K, used 28342K [0x00000000d0000000, 0x0000000100000000)
  region size 1024K, 4 young (4096K), 4 survivors (4096K)
 Metaspace       used 38971K, committed 40000K, reserved 491520K
  class space    used 5526K, committed 6016K, reserved 425984K
}
Event: 6.587 GC heap before
{Heap before GC invocations=12 (full 0):
 garbage-first heap   total 63488K, used 53942K [0x00000000d0000000, 0x0000000100000000)
  region size 1024K, 30 young (30720K), 4 survivors (4096K)
 Metaspace       used 43671K, committed 44864K, reserved 491520K
  class space    used 6203K, committed 6784K, reserved 425984K
}
Event: 6.593 GC heap after
{Heap after GC invocations=13 (full 0):
 garbage-first heap   total 76800K, used 30345K [0x00000000d0000000, 0x0000000100000000)
  region size 1024K, 4 young (4096K), 4 survivors (4096K)
 Metaspace       used 43671K, committed 44864K, reserved 491520K
  class space    used 6203K, committed 6784K, reserved 425984K
}
Event: 7.003 GC heap before
{Heap before GC invocations=13 (full 0):
 garbage-first heap   total 76800K, used 67209K [0x00000000d0000000, 0x0000000100000000)
  region size 1024K, 41 young (41984K), 4 survivors (4096K)
 Metaspace       used 47961K, committed 49152K, reserved 491520K
  class space    used 6667K, committed 7232K, reserved 425984K
}
Event: 7.010 GC heap after
{Heap after GC invocations=14 (full 0):
 garbage-first heap   total 76800K, used 34599K [0x00000000d0000000, 0x0000000100000000)
  region size 1024K, 6 young (6144K), 6 survivors (6144K)
 Metaspace       used 47961K, committed 49152K, reserved 491520K
  class space    used 6667K, committed 7232K, reserved 425984K
}
Event: 7.494 GC heap before
{Heap before GC invocations=14 (full 0):
 garbage-first heap   total 76800K, used 73511K [0x00000000d0000000, 0x0000000100000000)
  region size 1024K, 39 young (39936K), 6 survivors (6144K)
 Metaspace       used 52655K, committed 54016K, reserved 491520K
  class space    used 7317K, committed 8000K, reserved 425984K
}
Event: 7.502 GC heap after
{Heap after GC invocations=15 (full 0):
 garbage-first heap   total 82944K, used 37263K [0x00000000d0000000, 0x0000000100000000)
  region size 1024K, 3 young (3072K), 3 survivors (3072K)
 Metaspace       used 52655K, committed 54016K, reserved 491520K
  class space    used 7317K, committed 8000K, reserved 425984K
}

