# JRE version: OpenJDK Runtime Environment (21.0.10) (build 21.0.10+-14961533-b1163.108)
# Java VM: OpenJDK 64-Bit Server VM (21.0.10+-14961533-b1163.108, mixed mode, tiered, compressed oops, compressed class ptrs, g1 gc, windows-amd64)
GC Precious Log:
 CardTable entry size: 512
 Card Set container configuration: InlinePtr #cards 5 size 8 Array Of Cards #cards 12 size 40 Howl #buckets 4 coarsen threshold 1843 Howl Bitmap #cards 512 size 80 coarsen threshold 460 Card regions per heap region 1 cards per card region 2048
 CPUs: 8 total, 8 available
 Memory: 3902M
 Large Page Support: Disabled
 NUMA Support: Disabled
 Compressed Oops: Enabled (32-bit)
 Heap Region Size: 1M
 Heap Min Capacity: 8M
 Heap Initial Capacity: 62M
 Heap Max Capacity: 976M
 Pre-touch: Disabled
 Parallel Workers: 8
 Concurrent Workers: 2
 Concurrent Refinement Workers: 8
 Periodic GC: Disabled
Heap:
 garbage-first heap   total 61440K, used 41017K [0x00000000c3000000, 0x0000000100000000)
  region size 1024K, 8 young (8192K), 2 survivors (2048K)
 Metaspace       used 49546K, committed 50176K, reserved 1114112K
  class space    used 6088K, committed 6400K, reserved 1048576K
GC Heap History (20 events):
Event: 2.561 GC heap before
{Heap before GC invocations=5 (full 0):
 garbage-first heap   total 38912K, used 31614K [0x00000000c3000000, 0x0000000100000000)
  region size 1024K, 17 young (17408K), 3 survivors (3072K)
 Metaspace       used 32173K, committed 32448K, reserved 1114112K
  class space    used 4118K, committed 4224K, reserved 1048576K
}
Event: 2.571 GC heap after
{Heap after GC invocations=6 (full 0):
 garbage-first heap   total 38912K, used 17240K [0x00000000c3000000, 0x0000000100000000)
  region size 1024K, 2 young (2048K), 2 survivors (2048K)
 Metaspace       used 32173K, committed 32448K, reserved 1114112K
  class space    used 4118K, committed 4224K, reserved 1048576K
}
Event: 2.943 GC heap before
{Heap before GC invocations=6 (full 0):
 garbage-first heap   total 38912K, used 30552K [0x00000000c3000000, 0x0000000100000000)
  region size 1024K, 16 young (16384K), 2 survivors (2048K)
 Metaspace       used 35210K, committed 35456K, reserved 1114112K
  class space    used 4433K, committed 4544K, reserved 1048576K
}
Event: 2.949 GC heap after
{Heap after GC invocations=7 (full 0):
 garbage-first heap   total 38912K, used 18959K [0x00000000c3000000, 0x0000000100000000)
  region size 1024K, 2 young (2048K), 2 survivors (2048K)
 Metaspace       used 35210K, committed 35456K, reserved 1114112K
  class space    used 4433K, committed 4544K, reserved 1048576K
}
Event: 2.988 GC heap before
{Heap before GC invocations=7 (full 0):
 garbage-first heap   total 38912K, used 21007K [0x00000000c3000000, 0x0000000100000000)
  region size 1024K, 5 young (5120K), 2 survivors (2048K)
 Metaspace       used 35751K, committed 35968K, reserved 1114112K
  class space    used 4462K, committed 4544K, reserved 1048576K
}
Event: 2.992 GC heap after
{Heap after GC invocations=8 (full 0):
 garbage-first heap   total 47104K, used 19340K [0x00000000c3000000, 0x0000000100000000)
  region size 1024K, 1 young (1024K), 1 survivors (1024K)
 Metaspace       used 35751K, committed 35968K, reserved 1114112K
  class space    used 4462K, committed 4544K, reserved 1048576K
}
Event: 3.398 GC heap before
{Heap before GC invocations=9 (full 0):
 garbage-first heap   total 47104K, used 37772K [0x00000000c3000000, 0x0000000100000000)
  region size 1024K, 20 young (20480K), 1 survivors (1024K)
 Metaspace       used 39050K, committed 39552K, reserved 1114112K
  class space    used 4865K, committed 5056K, reserved 1048576K
}
Event: 3.403 GC heap after
{Heap after GC invocations=10 (full 0):
 garbage-first heap   total 47104K, used 20777K [0x00000000c3000000, 0x0000000100000000)
  region size 1024K, 2 young (2048K), 2 survivors (2048K)
 Metaspace       used 39050K, committed 39552K, reserved 1114112K
  class space    used 4865K, committed 5056K, reserved 1048576K
}
Event: 4.218 GC heap before
{Heap before GC invocations=10 (full 0):
 garbage-first heap   total 47104K, used 42281K [0x00000000c3000000, 0x0000000100000000)
  region size 1024K, 21 young (21504K), 2 survivors (2048K)
 Metaspace       used 43553K, committed 44224K, reserved 1114112K
  class space    used 5430K, committed 5760K, reserved 1048576K
}
Event: 4.225 GC heap after
{Heap after GC invocations=11 (full 0):
 garbage-first heap   total 47104K, used 24143K [0x00000000c3000000, 0x0000000100000000)
  region size 1024K, 3 young (3072K), 3 survivors (3072K)
 Metaspace       used 43553K, committed 44224K, reserved 1114112K
  class space    used 5430K, committed 5760K, reserved 1048576K
}
Event: 4.619 GC heap before
{Heap before GC invocations=11 (full 0):
 garbage-first heap   total 47104K, used 41551K [0x00000000c3000000, 0x0000000100000000)
  region size 1024K, 20 young (20480K), 3 survivors (3072K)
 Metaspace       used 45366K, committed 46016K, reserved 1114112K
  class space    used 5617K, committed 5888K, reserved 1048576K
}
Event: 4.631 GC heap after
{Heap after GC invocations=12 (full 0):
 garbage-first heap   total 50176K, used 28801K [0x00000000c3000000, 0x0000000100000000)
  region size 1024K, 3 young (3072K), 3 survivors (3072K)
 Metaspace       used 45366K, committed 46016K, reserved 1114112K
  class space    used 5617K, committed 5888K, reserved 1048576K
}
Event: 5.905 GC heap before
{Heap before GC invocations=13 (full 0):
 garbage-first heap   total 50176K, used 42113K [0x00000000c3000000, 0x0000000100000000)
  region size 1024K, 16 young (16384K), 3 survivors (3072K)
 Metaspace       used 46873K, committed 47552K, reserved 1114112K
  class space    used 5812K, committed 6080K, reserved 1048576K
}
Event: 5.918 GC heap after
{Heap after GC invocations=14 (full 0):
 garbage-first heap   total 50176K, used 31703K [0x00000000c3000000, 0x0000000100000000)
  region size 1024K, 2 young (2048K), 2 survivors (2048K)
 Metaspace       used 46873K, committed 47552K, reserved 1114112K
  class space    used 5812K, committed 6080K, reserved 1048576K
}
Event: 5.972 GC heap before
{Heap before GC invocations=14 (full 0):
 garbage-first heap   total 50176K, used 45015K [0x00000000c3000000, 0x0000000100000000)
  region size 1024K, 14 young (14336K), 2 survivors (2048K)
 Metaspace       used 46971K, committed 47680K, reserved 1114112K
  class space    used 5816K, committed 6144K, reserved 1048576K
}
Event: 5.981 GC heap after
{Heap after GC invocations=15 (full 0):
 garbage-first heap   total 52224K, used 35127K [0x00000000c3000000, 0x0000000100000000)
  region size 1024K, 2 young (2048K), 2 survivors (2048K)
 Metaspace       used 46971K, committed 47680K, reserved 1114112K
  class space    used 5816K, committed 6144K, reserved 1048576K
}
Event: 6.032 GC heap before
{Heap before GC invocations=15 (full 0):
 garbage-first heap   total 52224K, used 44343K [0x00000000c3000000, 0x0000000100000000)
  region size 1024K, 11 young (11264K), 2 survivors (2048K)
 Metaspace       used 47027K, committed 47744K, reserved 1114112K
  class space    used 5816K, committed 6144K, reserved 1048576K
}
Event: 6.037 GC heap after
{Heap after GC invocations=16 (full 0):
 garbage-first heap   total 52224K, used 35586K [0x00000000c3000000, 0x0000000100000000)
  region size 1024K, 2 young (2048K), 2 survivors (2048K)
 Metaspace       used 47027K, committed 47744K, reserved 1114112K
  class space    used 5816K, committed 6144K, reserved 1048576K
}
Event: 6.278 GC heap before
{Heap before GC invocations=17 (full 0):
 garbage-first heap   total 61440K, used 43778K [0x00000000c3000000, 0x0000000100000000)
  region size 1024K, 11 young (11264K), 2 survivors (2048K)
 Metaspace       used 48702K, committed 49344K, reserved 1114112K
  class space    used 6031K, committed 6336K, reserved 1048576K
}
Event: 6.282 GC heap after
{Heap after GC invocations=18 (full 0):
 garbage-first heap   total 61440K, used 35897K [0x00000000c3000000, 0x0000000100000000)
  region size 1024K, 2 young (2048K), 2 survivors (2048K)
 Metaspace       used 48702K, committed 49344K, reserved 1114112K
  class space    used 6031K, committed 6336K, reserved 1048576K
}

