# JRE version: OpenJDK Runtime Environment (21.0.10) (build 21.0.10+-14961533-b1163.108)
# Java VM: OpenJDK 64-Bit Server VM (21.0.10+-14961533-b1163.108, mixed mode, tiered, compressed oops, compressed class ptrs, g1 gc, windows-amd64)
GC Precious Log:
 CardTable entry size: 512
 Card Set container configuration: InlinePtr #cards 5 size 8 Array Of Cards #cards 12 size 40 Howl #buckets 4 coarsen threshold 1843 Howl Bitmap #cards 512 size 80 coarsen threshold 460 Card regions per heap region 1 cards per card region 2048
 CPUs: 8 total, 8 available
 Memory: 3902M
 Large Page Support: Disabled
 NUMA Support: Disabled
 Compressed Oops: Enabled (32-bit)
 Heap Region Size: 1M
 Heap Min Capacity: 8M
 Heap Initial Capacity: 62M
 Heap Max Capacity: 512M
 Pre-touch: Disabled
 Parallel Workers: 8
 Concurrent Workers: 2
 Concurrent Refinement Workers: 8
 Periodic GC: Disabled
Heap:
 garbage-first heap   total 65536K, used 43417K [0x00000000e0000000, 0x0000000100000000)
  region size 1024K, 3 young (3072K), 1 survivors (1024K)
 Metaspace       used 52792K, committed 54080K, reserved 278528K
  class space    used 7185K, committed 7808K, reserved 212992K
GC Heap History (20 events):
Event: 4.007 GC heap before
{Heap before GC invocations=6 (full 0):
 garbage-first heap   total 63488K, used 46974K [0x00000000e0000000, 0x0000000100000000)
  region size 1024K, 29 young (29696K), 2 survivors (2048K)
 Metaspace       used 26307K, committed 26752K, reserved 278528K
  class space    used 3339K, committed 3520K, reserved 212992K
}
Event: 4.010 GC heap after
{Heap after GC invocations=7 (full 0):
 garbage-first heap   total 63488K, used 20843K [0x00000000e0000000, 0x0000000100000000)
  region size 1024K, 3 young (3072K), 3 survivors (3072K)
 Metaspace       used 26307K, committed 26752K, reserved 278528K
  class space    used 3339K, committed 3520K, reserved 212992K
}
Event: 4.511 GC heap before
{Heap before GC invocations=7 (full 0):
 garbage-first heap   total 63488K, used 48491K [0x00000000e0000000, 0x0000000100000000)
  region size 1024K, 31 young (31744K), 3 survivors (3072K)
 Metaspace       used 30549K, committed 31104K, reserved 278528K
  class space    used 4086K, committed 4352K, reserved 212992K
}
Event: 4.517 GC heap after
{Heap after GC invocations=8 (full 0):
 garbage-first heap   total 63488K, used 22861K [0x00000000e0000000, 0x0000000100000000)
  region size 1024K, 4 young (4096K), 4 survivors (4096K)
 Metaspace       used 30549K, committed 31104K, reserved 278528K
  class space    used 4086K, committed 4352K, reserved 212992K
}
Event: 5.042 GC heap before
{Heap before GC invocations=8 (full 0):
 garbage-first heap   total 63488K, used 50509K [0x00000000e0000000, 0x0000000100000000)
  region size 1024K, 32 young (32768K), 4 survivors (4096K)
 Metaspace       used 34507K, committed 35328K, reserved 278528K
  class space    used 4793K, committed 5184K, reserved 212992K
}
Event: 5.047 GC heap after
{Heap after GC invocations=9 (full 0):
 garbage-first heap   total 63488K, used 24871K [0x00000000e0000000, 0x0000000100000000)
  region size 1024K, 4 young (4096K), 4 survivors (4096K)
 Metaspace       used 34507K, committed 35328K, reserved 278528K
  class space    used 4793K, committed 5184K, reserved 212992K
}
Event: 5.146 GC heap before
{Heap before GC invocations=9 (full 0):
 garbage-first heap   total 63488K, used 29991K [0x00000000e0000000, 0x0000000100000000)
  region size 1024K, 10 young (10240K), 4 survivors (4096K)
 Metaspace       used 35342K, committed 36160K, reserved 278528K
  class space    used 4922K, committed 5312K, reserved 212992K
}
Event: 5.150 GC heap after
{Heap after GC invocations=10 (full 0):
 garbage-first heap   total 63488K, used 25358K [0x00000000e0000000, 0x0000000100000000)
  region size 1024K, 3 young (3072K), 3 survivors (3072K)
 Metaspace       used 35342K, committed 36160K, reserved 278528K
  class space    used 4922K, committed 5312K, reserved 212992K
}
Event: 5.652 GC heap before
{Heap before GC invocations=11 (full 0):
 garbage-first heap   total 63488K, used 51982K [0x00000000e0000000, 0x0000000100000000)
  region size 1024K, 30 young (30720K), 3 survivors (3072K)
 Metaspace       used 39424K, committed 40448K, reserved 278528K
  class space    used 5603K, committed 6144K, reserved 212992K
}
Event: 5.656 GC heap after
{Heap after GC invocations=12 (full 0):
 garbage-first heap   total 63488K, used 26462K [0x00000000e0000000, 0x0000000100000000)
  region size 1024K, 4 young (4096K), 4 survivors (4096K)
 Metaspace       used 39424K, committed 40448K, reserved 278528K
  class space    used 5603K, committed 6144K, reserved 212992K
}
Event: 6.105 GC heap before
{Heap before GC invocations=12 (full 0):
 garbage-first heap   total 63488K, used 54110K [0x00000000e0000000, 0x0000000100000000)
  region size 1024K, 32 young (32768K), 4 survivors (4096K)
 Metaspace       used 45714K, committed 46784K, reserved 278528K
  class space    used 6304K, committed 6784K, reserved 212992K
}
Event: 6.112 GC heap after
{Heap after GC invocations=13 (full 0):
 garbage-first heap   total 63488K, used 29381K [0x00000000e0000000, 0x0000000100000000)
  region size 1024K, 4 young (4096K), 4 survivors (4096K)
 Metaspace       used 45714K, committed 46784K, reserved 278528K
  class space    used 6304K, committed 6784K, reserved 212992K
}
Event: 6.284 GC heap before
{Heap before GC invocations=13 (full 0):
 garbage-first heap   total 63488K, used 54981K [0x00000000e0000000, 0x0000000100000000)
  region size 1024K, 27 young (27648K), 4 survivors (4096K)
 Metaspace       used 46253K, committed 47360K, reserved 278528K
  class space    used 6358K, committed 6912K, reserved 212992K
}
Event: 6.292 GC heap after
{Heap after GC invocations=14 (full 0):
 garbage-first heap   total 63488K, used 34706K [0x00000000e0000000, 0x0000000100000000)
  region size 1024K, 3 young (3072K), 3 survivors (3072K)
 Metaspace       used 46253K, committed 47360K, reserved 278528K
  class space    used 6358K, committed 6912K, reserved 212992K
}
Event: 6.695 GC heap before
{Heap before GC invocations=15 (full 0):
 garbage-first heap   total 63488K, used 58258K [0x00000000e0000000, 0x0000000100000000)
  region size 1024K, 24 young (24576K), 3 survivors (3072K)
 Metaspace       used 49543K, committed 50752K, reserved 278528K
  class space    used 6780K, committed 7360K, reserved 212992K
}
Event: 6.699 GC heap after
{Heap after GC invocations=16 (full 0):
 garbage-first heap   total 63488K, used 34595K [0x00000000e0000000, 0x0000000100000000)
  region size 1024K, 2 young (2048K), 2 survivors (2048K)
 Metaspace       used 49543K, committed 50752K, reserved 278528K
  class space    used 6780K, committed 7360K, reserved 212992K
}
Event: 7.112 GC heap before
{Heap before GC invocations=16 (full 0):
 garbage-first heap   total 63488K, used 58147K [0x00000000e0000000, 0x0000000100000000)
  region size 1024K, 24 young (24576K), 2 survivors (2048K)
 Metaspace       used 51744K, committed 53056K, reserved 278528K
  class space    used 7151K, committed 7808K, reserved 212992K
}
Event: 7.117 GC heap after
{Heap after GC invocations=17 (full 0):
 garbage-first heap   total 65536K, used 39272K [0x00000000e0000000, 0x0000000100000000)
  region size 1024K, 3 young (3072K), 3 survivors (3072K)
 Metaspace       used 51744K, committed 53056K, reserved 278528K
  class space    used 7151K, committed 7808K, reserved 212992K
}
Event: 7.189 GC heap before
{Heap before GC invocations=17 (full 0):
 garbage-first heap   total 65536K, used 54632K [0x00000000e0000000, 0x0000000100000000)
  region size 1024K, 19 young (19456K), 3 survivors (3072K)
 Metaspace       used 51980K, committed 53312K, reserved 278528K
  class space    used 7166K, committed 7808K, reserved 212992K
}
Event: 7.194 GC heap after
{Heap after GC invocations=18 (full 0):
 garbage-first heap   total 65536K, used 40345K [0x00000000e0000000, 0x0000000100000000)
  region size 1024K, 1 young (1024K), 1 survivors (1024K)
 Metaspace       used 51980K, committed 53312K, reserved 278528K
  class space    used 7166K, committed 7808K, reserved 212992K
}

