# JRE version: OpenJDK Runtime Environment (21.0.10) (build 21.0.10+-14961533-b1163.108)
# Java VM: OpenJDK 64-Bit Server VM (21.0.10+-14961533-b1163.108, mixed mode, tiered, compressed oops, compressed class ptrs, g1 gc, windows-amd64)
GC Precious Log:
 CardTable entry size: 512
 Card Set container configuration: InlinePtr #cards 5 size 8 Array Of Cards #cards 12 size 40 Howl #buckets 4 coarsen threshold 1843 Howl Bitmap #cards 512 size 80 coarsen threshold 460 Card regions per heap region 1 cards per card region 2048
 CPUs: 8 total, 8 available
 Memory: 3902M
 Large Page Support: Disabled
 NUMA Support: Disabled
 Compressed Oops: Enabled (32-bit)
 Heap Region Size: 1M
 Heap Min Capacity: 8M
 Heap Initial Capacity: 62M
 Heap Max Capacity: 768M
 Pre-touch: Disabled
 Parallel Workers: 8
 Concurrent Workers: 2
 Concurrent Refinement Workers: 8
 Periodic GC: Disabled
Heap:
 garbage-first heap   total 211968K, used 144915K [0x00000000d0000000, 0x0000000100000000)
  region size 1024K, 25 young (25600K), 6 survivors (6144K)
 Metaspace       used 129914K, committed 131968K, reserved 557056K
  class space    used 17293K, committed 18304K, reserved 425984K
GC Heap History (20 events):
Event: 11.804 GC heap before
{Heap before GC invocations=41 (full 0):
 garbage-first heap   total 142336K, used 112008K [0x00000000d0000000, 0x0000000100000000)
  region size 1024K, 30 young (30720K), 4 survivors (4096K)
 Metaspace       used 86864K, committed 88640K, reserved 557056K
  class space    used 12438K, committed 13248K, reserved 425984K
}
Event: 11.814 GC heap after
{Heap after GC invocations=42 (full 0):
 garbage-first heap   total 142336K, used 87852K [0x00000000d0000000, 0x0000000100000000)
  region size 1024K, 4 young (4096K), 4 survivors (4096K)
 Metaspace       used 86864K, committed 88640K, reserved 557056K
  class space    used 12438K, committed 13248K, reserved 425984K
}
Event: 12.148 GC heap before
{Heap before GC invocations=42 (full 0):
 garbage-first heap   total 142336K, used 120620K [0x00000000d0000000, 0x0000000100000000)
  region size 1024K, 36 young (36864K), 4 survivors (4096K)
 Metaspace       used 90495K, committed 92224K, reserved 557056K
  class space    used 12880K, committed 13696K, reserved 425984K
}
Event: 12.154 GC heap after
{Heap after GC invocations=43 (full 0):
 garbage-first heap   total 142336K, used 90592K [0x00000000d0000000, 0x0000000100000000)
  region size 1024K, 4 young (4096K), 4 survivors (4096K)
 Metaspace       used 90495K, committed 92224K, reserved 557056K
  class space    used 12880K, committed 13696K, reserved 425984K
}
Event: 12.209 GC heap before
{Heap before GC invocations=43 (full 0):
 garbage-first heap   total 142336K, used 95712K [0x00000000d0000000, 0x0000000100000000)
  region size 1024K, 10 young (10240K), 4 survivors (4096K)
 Metaspace       used 91110K, committed 92800K, reserved 557056K
  class space    used 12956K, committed 13760K, reserved 425984K
}
Event: 12.212 GC heap after
{Heap after GC invocations=44 (full 0):
 garbage-first heap   total 142336K, used 91187K [0x00000000d0000000, 0x0000000100000000)
  region size 1024K, 1 young (1024K), 1 survivors (1024K)
 Metaspace       used 91110K, committed 92800K, reserved 557056K
  class space    used 12956K, committed 13760K, reserved 425984K
}
Event: 12.517 GC heap before
{Heap before GC invocations=45 (full 0):
 garbage-first heap   total 174080K, used 140339K [0x00000000d0000000, 0x0000000100000000)
  region size 1024K, 32 young (32768K), 1 survivors (1024K)
 Metaspace       used 92752K, committed 94528K, reserved 557056K
  class space    used 13139K, committed 14016K, reserved 425984K
}
Event: 12.522 GC heap after
{Heap after GC invocations=46 (full 0):
 garbage-first heap   total 174080K, used 111764K [0x00000000d0000000, 0x0000000100000000)
  region size 1024K, 4 young (4096K), 4 survivors (4096K)
 Metaspace       used 92752K, committed 94528K, reserved 557056K
  class space    used 13139K, committed 14016K, reserved 425984K
}
Event: 12.904 GC heap before
{Heap before GC invocations=46 (full 0):
 garbage-first heap   total 174080K, used 151700K [0x00000000d0000000, 0x0000000100000000)
  region size 1024K, 43 young (44032K), 4 survivors (4096K)
 Metaspace       used 97712K, committed 99456K, reserved 557056K
  class space    used 13595K, committed 14464K, reserved 425984K
}
Event: 12.909 GC heap after
{Heap after GC invocations=47 (full 0):
 garbage-first heap   total 174080K, used 113111K [0x00000000d0000000, 0x0000000100000000)
  region size 1024K, 3 young (3072K), 3 survivors (3072K)
 Metaspace       used 97712K, committed 99456K, reserved 557056K
  class space    used 13595K, committed 14464K, reserved 425984K
}
Event: 13.756 GC heap before
{Heap before GC invocations=47 (full 0):
 garbage-first heap   total 174080K, used 154071K [0x00000000d0000000, 0x0000000100000000)
  region size 1024K, 43 young (44032K), 3 survivors (3072K)
 Metaspace       used 102852K, committed 104896K, reserved 557056K
  class space    used 14302K, committed 15296K, reserved 425984K
}
Event: 13.761 GC heap after
{Heap after GC invocations=48 (full 0):
 garbage-first heap   total 174080K, used 115429K [0x00000000d0000000, 0x0000000100000000)
  region size 1024K, 5 young (5120K), 5 survivors (5120K)
 Metaspace       used 102852K, committed 104896K, reserved 557056K
  class space    used 14302K, committed 15296K, reserved 425984K
}
Event: 14.258 GC heap before
{Heap before GC invocations=49 (full 0):
 garbage-first heap   total 193536K, used 158437K [0x00000000d0000000, 0x0000000100000000)
  region size 1024K, 47 young (48128K), 5 survivors (5120K)
 Metaspace       used 109025K, committed 111040K, reserved 557056K
  class space    used 15095K, committed 16064K, reserved 425984K
}
Event: 14.265 GC heap after
{Heap after GC invocations=50 (full 0):
 garbage-first heap   total 193536K, used 117118K [0x00000000d0000000, 0x0000000100000000)
  region size 1024K, 4 young (4096K), 4 survivors (4096K)
 Metaspace       used 109025K, committed 111040K, reserved 557056K
  class space    used 15095K, committed 16064K, reserved 425984K
}
Event: 14.674 GC heap before
{Heap before GC invocations=50 (full 0):
 garbage-first heap   total 193536K, used 178558K [0x00000000d0000000, 0x0000000100000000)
  region size 1024K, 63 young (64512K), 4 survivors (4096K)
 Metaspace       used 111072K, committed 113152K, reserved 557056K
  class space    used 15318K, committed 16320K, reserved 425984K
}
Event: 14.681 GC heap after
{Heap after GC invocations=51 (full 0):
 garbage-first heap   total 193536K, used 121167K [0x00000000d0000000, 0x0000000100000000)
  region size 1024K, 8 young (8192K), 8 survivors (8192K)
 Metaspace       used 111072K, committed 113152K, reserved 557056K
  class space    used 15318K, committed 16320K, reserved 425984K
}
Event: 15.286 GC heap before
{Heap before GC invocations=51 (full 0):
 garbage-first heap   total 193536K, used 177487K [0x00000000d0000000, 0x0000000100000000)
  region size 1024K, 63 young (64512K), 8 survivors (8192K)
 Metaspace       used 118183K, committed 120256K, reserved 557056K
  class space    used 16090K, committed 17088K, reserved 425984K
}
Event: 15.296 GC heap after
{Heap after GC invocations=52 (full 0):
 garbage-first heap   total 193536K, used 124580K [0x00000000d0000000, 0x0000000100000000)
  region size 1024K, 8 young (8192K), 8 survivors (8192K)
 Metaspace       used 118183K, committed 120256K, reserved 557056K
  class space    used 16090K, committed 17088K, reserved 425984K
}
Event: 15.940 GC heap before
{Heap before GC invocations=52 (full 0):
 garbage-first heap   total 193536K, used 178852K [0x00000000d0000000, 0x0000000100000000)
  region size 1024K, 62 young (63488K), 8 survivors (8192K)
 Metaspace       used 127077K, committed 129152K, reserved 557056K
  class space    used 16999K, committed 17984K, reserved 425984K
}
Event: 15.947 GC heap after
{Heap after GC invocations=53 (full 0):
 garbage-first heap   total 193536K, used 126483K [0x00000000d0000000, 0x0000000100000000)
  region size 1024K, 6 young (6144K), 6 survivors (6144K)
 Metaspace       used 127077K, committed 129152K, reserved 557056K
  class space    used 16999K, committed 17984K, reserved 425984K
}

