# JRE version: OpenJDK Runtime Environment (21.0.10) (build 21.0.10+-14961533-b1163.108)
# Java VM: OpenJDK 64-Bit Server VM (21.0.10+-14961533-b1163.108, mixed mode, tiered, compressed oops, compressed class ptrs, g1 gc, windows-amd64)
GC Precious Log:
 CardTable entry size: 512
 Card Set container configuration: InlinePtr #cards 5 size 8 Array Of Cards #cards 12 size 40 Howl #buckets 4 coarsen threshold 1843 Howl Bitmap #cards 512 size 80 coarsen threshold 460 Card regions per heap region 1 cards per card region 2048
 CPUs: 8 total, 8 available
 Memory: 3902M
 Large Page Support: Disabled
 NUMA Support: Disabled
 Compressed Oops: Enabled (32-bit)
 Heap Region Size: 1M
 Heap Min Capacity: 8M
 Heap Initial Capacity: 62M
 Heap Max Capacity: 512M
 Pre-touch: Disabled
 Parallel Workers: 8
 Concurrent Workers: 2
 Concurrent Refinement Workers: 8
 Periodic GC: Disabled
Heap:
 garbage-first heap   total 71680K, used 53369K [0x00000000e0000000, 0x0000000100000000)
  region size 1024K, 15 young (15360K), 2 survivors (2048K)
 Metaspace       used 56941K, committed 58304K, reserved 278528K
  class space    used 7883K, committed 8512K, reserved 212992K
GC Heap History (20 events):
Event: 3.237 GC heap before
{Heap before GC invocations=7 (full 0):
 garbage-first heap   total 63488K, used 48244K [0x00000000e0000000, 0x0000000100000000)
  region size 1024K, 31 young (31744K), 3 survivors (3072K)
 Metaspace       used 30576K, committed 31168K, reserved 278528K
  class space    used 4094K, committed 4352K, reserved 212992K
}
Event: 3.242 GC heap after
{Heap after GC invocations=8 (full 0):
 garbage-first heap   total 63488K, used 22454K [0x00000000e0000000, 0x0000000100000000)
  region size 1024K, 4 young (4096K), 4 survivors (4096K)
 Metaspace       used 30576K, committed 31168K, reserved 278528K
  class space    used 4094K, committed 4352K, reserved 212992K
}
Event: 3.675 GC heap before
{Heap before GC invocations=8 (full 0):
 garbage-first heap   total 63488K, used 51126K [0x00000000e0000000, 0x0000000100000000)
  region size 1024K, 32 young (32768K), 4 survivors (4096K)
 Metaspace       used 34544K, committed 35328K, reserved 278528K
  class space    used 4795K, committed 5184K, reserved 212992K
}
Event: 3.679 GC heap after
{Heap after GC invocations=9 (full 0):
 garbage-first heap   total 63488K, used 24326K [0x00000000e0000000, 0x0000000100000000)
  region size 1024K, 4 young (4096K), 4 survivors (4096K)
 Metaspace       used 34544K, committed 35328K, reserved 278528K
  class space    used 4795K, committed 5184K, reserved 212992K
}
Event: 3.736 GC heap before
{Heap before GC invocations=9 (full 0):
 garbage-first heap   total 63488K, used 28422K [0x00000000e0000000, 0x0000000100000000)
  region size 1024K, 9 young (9216K), 4 survivors (4096K)
 Metaspace       used 35290K, committed 36096K, reserved 278528K
  class space    used 4907K, committed 5312K, reserved 212992K
}
Event: 3.739 GC heap after
{Heap after GC invocations=10 (full 0):
 garbage-first heap   total 63488K, used 24710K [0x00000000e0000000, 0x0000000100000000)
  region size 1024K, 3 young (3072K), 3 survivors (3072K)
 Metaspace       used 35290K, committed 36096K, reserved 278528K
  class space    used 4907K, committed 5312K, reserved 212992K
}
Event: 4.130 GC heap before
{Heap before GC invocations=11 (full 0):
 garbage-first heap   total 63488K, used 53382K [0x00000000e0000000, 0x0000000100000000)
  region size 1024K, 31 young (31744K), 3 survivors (3072K)
 Metaspace       used 39690K, committed 40768K, reserved 278528K
  class space    used 5646K, committed 6144K, reserved 212992K
}
Event: 4.135 GC heap after
{Heap after GC invocations=12 (full 0):
 garbage-first heap   total 63488K, used 26185K [0x00000000e0000000, 0x0000000100000000)
  region size 1024K, 4 young (4096K), 4 survivors (4096K)
 Metaspace       used 39690K, committed 40768K, reserved 278528K
  class space    used 5646K, committed 6144K, reserved 212992K
}
Event: 4.518 GC heap before
{Heap before GC invocations=12 (full 0):
 garbage-first heap   total 63488K, used 53833K [0x00000000e0000000, 0x0000000100000000)
  region size 1024K, 32 young (32768K), 4 survivors (4096K)
 Metaspace       used 45707K, committed 46720K, reserved 278528K
  class space    used 6294K, committed 6784K, reserved 212992K
}
Event: 4.524 GC heap after
{Heap after GC invocations=13 (full 0):
 garbage-first heap   total 63488K, used 29321K [0x00000000e0000000, 0x0000000100000000)
  region size 1024K, 4 young (4096K), 4 survivors (4096K)
 Metaspace       used 45707K, committed 46720K, reserved 278528K
  class space    used 6294K, committed 6784K, reserved 212992K
}
Event: 4.670 GC heap before
{Heap before GC invocations=13 (full 0):
 garbage-first heap   total 63488K, used 53897K [0x00000000e0000000, 0x0000000100000000)
  region size 1024K, 26 young (26624K), 4 survivors (4096K)
 Metaspace       used 46241K, committed 47360K, reserved 278528K
  class space    used 6348K, committed 6912K, reserved 212992K
}
Event: 4.676 GC heap after
{Heap after GC invocations=14 (full 0):
 garbage-first heap   total 63488K, used 34664K [0x00000000e0000000, 0x0000000100000000)
  region size 1024K, 3 young (3072K), 3 survivors (3072K)
 Metaspace       used 46241K, committed 47360K, reserved 278528K
  class space    used 6348K, committed 6912K, reserved 212992K
}
Event: 5.021 GC heap before
{Heap before GC invocations=15 (full 0):
 garbage-first heap   total 63488K, used 58216K [0x00000000e0000000, 0x0000000100000000)
  region size 1024K, 24 young (24576K), 3 survivors (3072K)
 Metaspace       used 49518K, committed 50688K, reserved 278528K
  class space    used 6771K, committed 7360K, reserved 212992K
}
Event: 5.025 GC heap after
{Heap after GC invocations=16 (full 0):
 garbage-first heap   total 63488K, used 34447K [0x00000000e0000000, 0x0000000100000000)
  region size 1024K, 2 young (2048K), 2 survivors (2048K)
 Metaspace       used 49518K, committed 50688K, reserved 278528K
  class space    used 6771K, committed 7360K, reserved 212992K
}
Event: 5.379 GC heap before
{Heap before GC invocations=16 (full 0):
 garbage-first heap   total 63488K, used 56975K [0x00000000e0000000, 0x0000000100000000)
  region size 1024K, 23 young (23552K), 2 survivors (2048K)
 Metaspace       used 51631K, committed 52928K, reserved 278528K
  class space    used 7129K, committed 7744K, reserved 212992K
}
Event: 5.385 GC heap after
{Heap after GC invocations=17 (full 0):
 garbage-first heap   total 64512K, used 39461K [0x00000000e0000000, 0x0000000100000000)
  region size 1024K, 3 young (3072K), 3 survivors (3072K)
 Metaspace       used 51631K, committed 52928K, reserved 278528K
  class space    used 7129K, committed 7744K, reserved 212992K
}
Event: 5.466 GC heap before
{Heap before GC invocations=17 (full 0):
 garbage-first heap   total 64512K, used 55845K [0x00000000e0000000, 0x0000000100000000)
  region size 1024K, 20 young (20480K), 3 survivors (3072K)
 Metaspace       used 51981K, committed 53312K, reserved 278528K
  class space    used 7162K, committed 7808K, reserved 212992K
}
Event: 5.469 GC heap after
{Heap after GC invocations=18 (full 0):
 garbage-first heap   total 64512K, used 40646K [0x00000000e0000000, 0x0000000100000000)
  region size 1024K, 1 young (1024K), 1 survivors (1024K)
 Metaspace       used 51981K, committed 53312K, reserved 278528K
  class space    used 7162K, committed 7808K, reserved 212992K
}
Event: 5.727 GC heap before
{Heap before GC invocations=19 (full 0):
 garbage-first heap   total 71680K, used 60102K [0x00000000e0000000, 0x0000000100000000)
  region size 1024K, 18 young (18432K), 1 survivors (1024K)
 Metaspace       used 54755K, committed 56128K, reserved 278528K
  class space    used 7554K, committed 8192K, reserved 212992K
}
Event: 5.729 GC heap after
{Heap after GC invocations=20 (full 0):
 garbage-first heap   total 71680K, used 41081K [0x00000000e0000000, 0x0000000100000000)
  region size 1024K, 2 young (2048K), 2 survivors (2048K)
 Metaspace       used 54755K, committed 56128K, reserved 278528K
  class space    used 7554K, committed 8192K, reserved 212992K
}

