# JRE version: OpenJDK Runtime Environment (21.0.10) (build 21.0.10+-14961533-b1163.108)
# Java VM: OpenJDK 64-Bit Server VM (21.0.10+-14961533-b1163.108, mixed mode, tiered, compressed oops, compressed class ptrs, g1 gc, windows-amd64)
GC Precious Log:
 CardTable entry size: 512
 Card Set container configuration: InlinePtr #cards 5 size 8 Array Of Cards #cards 12 size 40 Howl #buckets 4 coarsen threshold 1843 Howl Bitmap #cards 512 size 80 coarsen threshold 460 Card regions per heap region 1 cards per card region 2048
 CPUs: 8 total, 8 available
 Memory: 3902M
 Large Page Support: Disabled
 NUMA Support: Disabled
 Compressed Oops: Enabled (32-bit)
 Heap Region Size: 1M
 Heap Min Capacity: 8M
 Heap Initial Capacity: 62M
 Heap Max Capacity: 384M
 Pre-touch: Disabled
 Parallel Workers: 8
 Concurrent Workers: 2
 Concurrent Refinement Workers: 8
 Periodic GC: Disabled
Heap:
 garbage-first heap   total 63488K, used 42621K [0x00000000e8000000, 0x0000000100000000)
  region size 1024K, 10 young (10240K), 3 survivors (3072K)
 Metaspace       used 47733K, committed 48896K, reserved 278528K
  class space    used 6467K, committed 7040K, reserved 212992K
GC Heap History (20 events):
Event: 1.445 GC heap before
{Heap before GC invocations=2 (full 0):
 garbage-first heap   total 63488K, used 39705K [0x00000000e8000000, 0x0000000100000000)
  region size 1024K, 31 young (31744K), 3 survivors (3072K)
 Metaspace       used 12323K, committed 12480K, reserved 278528K
  class space    used 1322K, committed 1408K, reserved 212992K
}
Event: 1.448 GC heap after
{Heap after GC invocations=3 (full 0):
 garbage-first heap   total 63488K, used 11624K [0x00000000e8000000, 0x0000000100000000)
  region size 1024K, 3 young (3072K), 3 survivors (3072K)
 Metaspace       used 12323K, committed 12480K, reserved 278528K
  class space    used 1322K, committed 1408K, reserved 212992K
}
Event: 2.230 GC heap before
{Heap before GC invocations=3 (full 0):
 garbage-first heap   total 63488K, used 47464K [0x00000000e8000000, 0x0000000100000000)
  region size 1024K, 37 young (37888K), 3 survivors (3072K)
 Metaspace       used 18049K, committed 18304K, reserved 278528K
  class space    used 2131K, committed 2240K, reserved 212992K
}
Event: 2.238 GC heap after
{Heap after GC invocations=4 (full 0):
 garbage-first heap   total 63488K, used 17256K [0x00000000e8000000, 0x0000000100000000)
  region size 1024K, 5 young (5120K), 5 survivors (5120K)
 Metaspace       used 18049K, committed 18304K, reserved 278528K
  class space    used 2131K, committed 2240K, reserved 212992K
}
Event: 3.235 GC heap before
{Heap before GC invocations=4 (full 0):
 garbage-first heap   total 63488K, used 28520K [0x00000000e8000000, 0x0000000100000000)
  region size 1024K, 17 young (17408K), 5 survivors (5120K)
 Metaspace       used 21269K, committed 21504K, reserved 278528K
  class space    used 2532K, committed 2624K, reserved 212992K
}
Event: 3.239 GC heap after
{Heap after GC invocations=5 (full 0):
 garbage-first heap   total 63488K, used 19181K [0x00000000e8000000, 0x0000000100000000)
  region size 1024K, 2 young (2048K), 2 survivors (2048K)
 Metaspace       used 21269K, committed 21504K, reserved 278528K
  class space    used 2532K, committed 2624K, reserved 212992K
}
Event: 3.694 GC heap before
{Heap before GC invocations=6 (full 0):
 garbage-first heap   total 63488K, used 46829K [0x00000000e8000000, 0x0000000100000000)
  region size 1024K, 30 young (30720K), 2 survivors (2048K)
 Metaspace       used 26389K, committed 26816K, reserved 278528K
  class space    used 3353K, committed 3520K, reserved 212992K
}
Event: 3.697 GC heap after
{Heap after GC invocations=7 (full 0):
 garbage-first heap   total 63488K, used 20508K [0x00000000e8000000, 0x0000000100000000)
  region size 1024K, 3 young (3072K), 3 survivors (3072K)
 Metaspace       used 26389K, committed 26816K, reserved 278528K
  class space    used 3353K, committed 3520K, reserved 212992K
}
Event: 4.176 GC heap before
{Heap before GC invocations=7 (full 0):
 garbage-first heap   total 63488K, used 50204K [0x00000000e8000000, 0x0000000100000000)
  region size 1024K, 32 young (32768K), 3 survivors (3072K)
 Metaspace       used 30756K, committed 31360K, reserved 278528K
  class space    used 4118K, committed 4416K, reserved 212992K
}
Event: 4.182 GC heap after
{Heap after GC invocations=8 (full 0):
 garbage-first heap   total 63488K, used 22846K [0x00000000e8000000, 0x0000000100000000)
  region size 1024K, 4 young (4096K), 4 survivors (4096K)
 Metaspace       used 30756K, committed 31360K, reserved 278528K
  class space    used 4118K, committed 4416K, reserved 212992K
}
Event: 4.600 GC heap before
{Heap before GC invocations=8 (full 0):
 garbage-first heap   total 63488K, used 52542K [0x00000000e8000000, 0x0000000100000000)
  region size 1024K, 33 young (33792K), 4 survivors (4096K)
 Metaspace       used 34844K, committed 35648K, reserved 278528K
  class space    used 4844K, committed 5248K, reserved 212992K
}
Event: 4.605 GC heap after
{Heap after GC invocations=9 (full 0):
 garbage-first heap   total 63488K, used 24431K [0x00000000e8000000, 0x0000000100000000)
  region size 1024K, 5 young (5120K), 5 survivors (5120K)
 Metaspace       used 34844K, committed 35648K, reserved 278528K
  class space    used 4844K, committed 5248K, reserved 212992K
}
Event: 4.644 GC heap before
{Heap before GC invocations=9 (full 0):
 garbage-first heap   total 63488K, used 26479K [0x00000000e8000000, 0x0000000100000000)
  region size 1024K, 8 young (8192K), 5 survivors (5120K)
 Metaspace       used 35281K, committed 36096K, reserved 278528K
  class space    used 4904K, committed 5312K, reserved 212992K
}
Event: 4.648 GC heap after
{Heap after GC invocations=10 (full 0):
 garbage-first heap   total 63488K, used 24716K [0x00000000e8000000, 0x0000000100000000)
  region size 1024K, 3 young (3072K), 3 survivors (3072K)
 Metaspace       used 35281K, committed 36096K, reserved 278528K
  class space    used 4904K, committed 5312K, reserved 212992K
}
Event: 5.021 GC heap before
{Heap before GC invocations=11 (full 0):
 garbage-first heap   total 63488K, used 53388K [0x00000000e8000000, 0x0000000100000000)
  region size 1024K, 31 young (31744K), 3 survivors (3072K)
 Metaspace       used 39633K, committed 40704K, reserved 278528K
  class space    used 5636K, committed 6144K, reserved 212992K
}
Event: 5.026 GC heap after
{Heap after GC invocations=12 (full 0):
 garbage-first heap   total 63488K, used 25850K [0x00000000e8000000, 0x0000000100000000)
  region size 1024K, 4 young (4096K), 4 survivors (4096K)
 Metaspace       used 39633K, committed 40704K, reserved 278528K
  class space    used 5636K, committed 6144K, reserved 212992K
}
Event: 5.415 GC heap before
{Heap before GC invocations=12 (full 0):
 garbage-first heap   total 63488K, used 53498K [0x00000000e8000000, 0x0000000100000000)
  region size 1024K, 32 young (32768K), 4 survivors (4096K)
 Metaspace       used 45715K, committed 46848K, reserved 278528K
  class space    used 6297K, committed 6848K, reserved 212992K
}
Event: 5.422 GC heap after
{Heap after GC invocations=13 (full 0):
 garbage-first heap   total 63488K, used 29144K [0x00000000e8000000, 0x0000000100000000)
  region size 1024K, 4 young (4096K), 4 survivors (4096K)
 Metaspace       used 45715K, committed 46848K, reserved 278528K
  class space    used 6297K, committed 6848K, reserved 212992K
}
Event: 5.557 GC heap before
{Heap before GC invocations=13 (full 0):
 garbage-first heap   total 63488K, used 53720K [0x00000000e8000000, 0x0000000100000000)
  region size 1024K, 26 young (26624K), 4 survivors (4096K)
 Metaspace       used 46238K, committed 47360K, reserved 278528K
  class space    used 6350K, committed 6912K, reserved 212992K
}
Event: 5.563 GC heap after
{Heap after GC invocations=14 (full 0):
 garbage-first heap   total 63488K, used 34429K [0x00000000e8000000, 0x0000000100000000)
  region size 1024K, 3 young (3072K), 3 survivors (3072K)
 Metaspace       used 46238K, committed 47360K, reserved 278528K
  class space    used 6350K, committed 6912K, reserved 212992K
}

